<?xml version="1.0" encoding="UTF-8"?>
<testng-results skipped="0" failed="0" ignored="0" total="0" passed="0">
  <reporter-output>
  </reporter-output>
  <suite name="SuiteA" duration-ms="208" started-at="2021-05-11T12:33:37Z" finished-at="2021-05-11T12:33:37Z">
    <groups>
    </groups>
    <test name="TestA" duration-ms="9" started-at="2021-05-11T12:33:37Z" finished-at="2021-05-11T12:33:37Z">
    </test> <!-- TestA -->
    <test name="TestB" duration-ms="4" started-at="2021-05-11T12:33:37Z" finished-at="2021-05-11T12:33:37Z">
    </test> <!-- TestB -->
  </suite> <!-- SuiteA -->
</testng-results>
