<?xml version="1.0" encoding="UTF-8"?>
<testng-results skipped="0" failed="0" ignored="0" total="1" passed="1">
  <reporter-output>
    <line>
      <![CDATA[<div "result">I open Chrome (PASSED : 8s)</div>]]>
    </line>
    <line>
      <![CDATA[<div "result">I go to loginUrl (PASSED : 4s)</div>]]>
    </line>
    <line>
      <![CDATA[<div "result">I login inside application (PASSED : 0s)</div>]]>
    </line>
    <line>
      <![CDATA[<div "result">login should be Success (PASSED : 3s)</div>]]>
    </line>
  </reporter-output>
  <suite name="First Suite" duration-ms="18152" started-at="2021-05-11T13:07:32Z" finished-at="2021-05-11T13:07:50Z">
    <groups>
      <group name="cucumber">
        <method signature="AbstractTestNGCucumberTests.runScenario(cucumber.api.testng.PickleEventWrapper, cucumber.api.testng.CucumberFeatureWrapper)[pri:0, instance:com.rediff.runner.MyRunnerTestNG@3159c4b8]" name="runScenario" class="cucumber.api.testng.AbstractTestNGCucumberTests"/>
      </group> <!-- cucumber -->
    </groups>
    <test name="TestA" duration-ms="18152" started-at="2021-05-11T13:07:32Z" finished-at="2021-05-11T13:07:50Z">
      <class name="com.rediff.runner.MyRunnerTestNG">
        <test-method status="PASS" signature="setUpClass()[pri:0, instance:com.rediff.runner.MyRunnerTestNG@3159c4b8]" name="setUpClass" is-config="true" duration-ms="237" started-at="2021-05-11T13:07:32Z" finished-at="2021-05-11T13:07:32Z">
          <reporter-output>
          </reporter-output>
        </test-method> <!-- setUpClass -->
        <test-method status="PASS" signature="runScenario(cucumber.api.testng.PickleEventWrapper, cucumber.api.testng.CucumberFeatureWrapper)[pri:0, instance:com.rediff.runner.MyRunnerTestNG@3159c4b8]" name="runScenario" duration-ms="17684" started-at="2021-05-11T13:07:32Z" description="Runs Cucumber Scenarios" data-provider="scenarios" finished-at="2021-05-11T13:07:50Z">
          <params>
            <param index="0">
              <value>
                <![CDATA["Logging into Rediff"]]>
              </value>
            </param>
            <param index="1">
              <value>
                <![CDATA["Logging into Rediff money"]]>
              </value>
            </param>
          </params>
          <reporter-output>
            <line>
              <![CDATA[<div "result">I open Chrome (PASSED : 8s)</div>]]>
            </line>
            <line>
              <![CDATA[<div "result">I go to loginUrl (PASSED : 4s)</div>]]>
            </line>
            <line>
              <![CDATA[<div "result">I login inside application (PASSED : 0s)</div>]]>
            </line>
            <line>
              <![CDATA[<div "result">login should be Success (PASSED : 3s)</div>]]>
            </line>
          </reporter-output>
        </test-method> <!-- runScenario -->
        <test-method status="PASS" signature="tearDownClass()[pri:0, instance:com.rediff.runner.MyRunnerTestNG@3159c4b8]" name="tearDownClass" is-config="true" duration-ms="77" started-at="2021-05-11T13:07:50Z" finished-at="2021-05-11T13:07:50Z">
          <reporter-output>
          </reporter-output>
        </test-method> <!-- tearDownClass -->
      </class> <!-- com.rediff.runner.MyRunnerTestNG -->
    </test> <!-- TestA -->
  </suite> <!-- First Suite -->
</testng-results>
