<?xml version="1.0" encoding="UTF-8"?>
<!-- Generated by org.testng.reporters.JUnitXMLReporter -->
<testsuite hostname="JyotiLP" ignored="0" name="Command line test" tests="2" failures="2" timestamp="2021-04-20T18:46:26 IST" time="1.31" errors="0">
  <testcase name="testA" time="1.208" classname="suiteA.TestA">
    <failure type="org.testng.internal.reflect.MethodMatcherException" message="
[public void suiteA.TestA.testA(java.lang.String,java.lang.String)] has no parameters defined but was found to be using a data provider (either explicitly specified or inherited from class level annotation).
Data provider mismatch
Method: testA([Parameter{index=0, type=java.lang.String, declaredAnnotations=[]}, Parameter{index=1, type=java.lang.String, declaredAnnotations=[]}])
Arguments: [(java.lang.String) Natwar,(java.lang.String) newalkar.sandeep@gmail.com,(java.lang.String) 9829312193,(java.lang.String) I am doing automation]">
      <![CDATA[org.testng.internal.reflect.MethodMatcherException: 
[public void suiteA.TestA.testA(java.lang.String,java.lang.String)] has no parameters defined but was found to be using a data provider (either explicitly specified or inherited from class level annotation).
Data provider mismatch
Method: testA([Parameter{index=0, type=java.lang.String, declaredAnnotations=[]}, Parameter{index=1, type=java.lang.String, declaredAnnotations=[]}])
Arguments: [(java.lang.String) Natwar,(java.lang.String) newalkar.sandeep@gmail.com,(java.lang.String) 9829312193,(java.lang.String) I am doing automation]
at java.util.ArrayList.forEach(ArrayList.java:1257)
... Removed 32 stack frames]]>
    </failure>
  </testcase> <!-- testA -->
  <testcase name="testAA" time="0.038" classname="suiteA.TestAA">
    <failure type="org.testng.internal.reflect.MethodMatcherException" message="
[public void suiteA.TestAA.testAA(java.lang.String,java.lang.String)] has no parameters defined but was found to be using a data provider (either explicitly specified or inherited from class level annotation).
Data provider mismatch
Method: testAA([Parameter{index=0, type=java.lang.String, declaredAnnotations=[]}, Parameter{index=1, type=java.lang.String, declaredAnnotations=[]}])
Arguments: [(java.lang.String) Natwar,(java.lang.String) newalkar.sandeep@gmail.com,(java.lang.String) 9829312193,(java.lang.String) I am doing automation]">
      <![CDATA[org.testng.internal.reflect.MethodMatcherException: 
[public void suiteA.TestAA.testAA(java.lang.String,java.lang.String)] has no parameters defined but was found to be using a data provider (either explicitly specified or inherited from class level annotation).
Data provider mismatch
Method: testAA([Parameter{index=0, type=java.lang.String, declaredAnnotations=[]}, Parameter{index=1, type=java.lang.String, declaredAnnotations=[]}])
Arguments: [(java.lang.String) Natwar,(java.lang.String) newalkar.sandeep@gmail.com,(java.lang.String) 9829312193,(java.lang.String) I am doing automation]
at java.util.ArrayList.forEach(ArrayList.java:1257)
... Removed 32 stack frames]]>
    </failure>
  </testcase> <!-- testAA -->
</testsuite> <!-- Command line test -->
